<?xml version="1.0" encoding="UTF-8"?>
<!-- Generated by org.testng.reporters.JUnitReportReporter -->
<testsuite skipped="0" hostname="DISHANT-VAIO" name="com.ProjectOne.ProjectOne.OneTest" tests="1" failures="0" timestamp="22 Dec 2019 06:26:29 GMT" time="29.075" errors="0">
  <testcase name="TestCase1" time="29.075" classname="com.ProjectOne.ProjectOne.OneTest"/>
</testsuite> <!-- com.ProjectOne.ProjectOne.OneTest -->
