<?xml version="1.0" encoding="UTF-8"?>
<!-- Generated by org.testng.reporters.JUnitReportReporter -->
<testsuite skipped="0" hostname="DISHANT-VAIO" name="com.ProjectOne.ProjectOne.OneTest" tests="1" failures="0" timestamp="22 Dec 2019 10:41:46 GMT" time="24.141" errors="0">
  <testcase name="TestCase1" time="24.141" classname="com.ProjectOne.ProjectOne.OneTest"/>
</testsuite> <!-- com.ProjectOne.ProjectOne.OneTest -->
